# JRE version: OpenJDK Runtime Environment Temurin-21.0.7+6 (21.0.7+6) (build 21.0.7+6-LTS)
# Java VM: OpenJDK 64-Bit Server VM Temurin-21.0.7+6 (21.0.7+6-LTS, mixed mode, sharing, tiered, compressed oops, compressed class ptrs, g1 gc, windows-amd64)
GC Precious Log:
 CardTable entry size: 512
 Card Set container configuration: InlinePtr #cards 5 size 8 Array Of Cards #cards 12 size 40 Howl #buckets 4 coarsen threshold 1843 Howl Bitmap #cards 512 size 80 coarsen threshold 460 Card regions per heap region 1 cards per card region 2048
 CPUs: 12 total, 12 available
 Memory: 32661M
 Large Page Support: Disabled
 NUMA Support: Disabled
 Compressed Oops: Enabled (32-bit)
 Heap Region Size: 1M
 Heap Min Capacity: 8M
 Heap Initial Capacity: 512M
 Heap Max Capacity: 2G
 Pre-touch: Disabled
 Parallel Workers: 10
 Concurrent Workers: 3
 Concurrent Refinement Workers: 10
 Periodic GC: Disabled
Heap:
 garbage-first heap   total 303104K, used 233145K [0x0000000080000000, 0x0000000100000000)
  region size 1024K, 46 young (47104K), 3 survivors (3072K)
 Metaspace       used 154141K, committed 156928K, reserved 1245184K
  class space    used 21765K, committed 23168K, reserved 1048576K
GC Heap History (20 events):
Event: 13.991 GC heap before
{Heap before GC invocations=22 (full 0):
 garbage-first heap   total 303104K, used 267239K [0x0000000080000000, 0x0000000100000000)
  region size 1024K, 177 young (181248K), 15 survivors (15360K)
 Metaspace       used 102655K, committed 105024K, reserved 1179648K
  class space    used 14079K, committed 15296K, reserved 1048576K
}
Event: 14.002 GC heap after
{Heap after GC invocations=23 (full 0):
 garbage-first heap   total 303104K, used 111664K [0x0000000080000000, 0x0000000100000000)
  region size 1024K, 20 young (20480K), 20 survivors (20480K)
 Metaspace       used 102655K, committed 105024K, reserved 1179648K
  class space    used 14079K, committed 15296K, reserved 1048576K
}
Event: 15.633 GC heap before
{Heap before GC invocations=23 (full 0):
 garbage-first heap   total 303104K, used 264240K [0x0000000080000000, 0x0000000100000000)
  region size 1024K, 170 young (174080K), 20 survivors (20480K)
 Metaspace       used 106688K, committed 109056K, reserved 1179648K
  class space    used 14591K, committed 15808K, reserved 1048576K
}
Event: 15.644 GC heap after
{Heap after GC invocations=24 (full 0):
 garbage-first heap   total 303104K, used 122323K [0x0000000080000000, 0x0000000100000000)
  region size 1024K, 13 young (13312K), 13 survivors (13312K)
 Metaspace       used 106688K, committed 109056K, reserved 1179648K
  class space    used 14591K, committed 15808K, reserved 1048576K
}
Event: 22.346 GC heap before
{Heap before GC invocations=24 (full 0):
 garbage-first heap   total 303104K, used 266707K [0x0000000080000000, 0x0000000100000000)
  region size 1024K, 155 young (158720K), 13 survivors (13312K)
 Metaspace       used 111019K, committed 113472K, reserved 1179648K
  class space    used 15132K, committed 16384K, reserved 1048576K
}
Event: 22.355 GC heap after
{Heap after GC invocations=25 (full 0):
 garbage-first heap   total 303104K, used 131107K [0x0000000080000000, 0x0000000100000000)
  region size 1024K, 9 young (9216K), 9 survivors (9216K)
 Metaspace       used 111019K, committed 113472K, reserved 1179648K
  class space    used 15132K, committed 16384K, reserved 1048576K
}
Event: 26.357 GC heap before
{Heap before GC invocations=26 (full 0):
 garbage-first heap   total 303104K, used 276515K [0x0000000080000000, 0x0000000100000000)
  region size 1024K, 146 young (149504K), 9 survivors (9216K)
 Metaspace       used 123288K, committed 125952K, reserved 1179648K
  class space    used 16596K, committed 17920K, reserved 1048576K
}
Event: 26.365 GC heap after
{Heap after GC invocations=27 (full 0):
 garbage-first heap   total 303104K, used 147158K [0x0000000080000000, 0x0000000100000000)
  region size 1024K, 19 young (19456K), 19 survivors (19456K)
 Metaspace       used 123288K, committed 125952K, reserved 1179648K
  class space    used 16596K, committed 17920K, reserved 1048576K
}
Event: 28.057 GC heap before
{Heap before GC invocations=27 (full 0):
 garbage-first heap   total 303104K, used 267990K [0x0000000080000000, 0x0000000100000000)
  region size 1024K, 136 young (139264K), 19 survivors (19456K)
 Metaspace       used 127458K, committed 130048K, reserved 1179648K
  class space    used 17055K, committed 18368K, reserved 1048576K
}
Event: 28.067 GC heap after
{Heap after GC invocations=28 (full 0):
 garbage-first heap   total 303104K, used 150026K [0x0000000080000000, 0x0000000100000000)
  region size 1024K, 11 young (11264K), 11 survivors (11264K)
 Metaspace       used 127458K, committed 130048K, reserved 1179648K
  class space    used 17055K, committed 18368K, reserved 1048576K
}
Event: 29.052 GC heap before
{Heap before GC invocations=28 (full 0):
 garbage-first heap   total 303104K, used 270858K [0x0000000080000000, 0x0000000100000000)
  region size 1024K, 130 young (133120K), 11 survivors (11264K)
 Metaspace       used 140591K, committed 143296K, reserved 1179648K
  class space    used 19563K, committed 20928K, reserved 1048576K
}
Event: 29.060 GC heap after
{Heap after GC invocations=29 (full 0):
 garbage-first heap   total 303104K, used 161524K [0x0000000080000000, 0x0000000100000000)
  region size 1024K, 13 young (13312K), 13 survivors (13312K)
 Metaspace       used 140591K, committed 143296K, reserved 1179648K
  class space    used 19563K, committed 20928K, reserved 1048576K
}
Event: 29.745 GC heap before
{Heap before GC invocations=30 (full 0):
 garbage-first heap   total 303104K, used 271092K [0x0000000080000000, 0x0000000100000000)
  region size 1024K, 121 young (123904K), 13 survivors (13312K)
 Metaspace       used 147254K, committed 150016K, reserved 1179648K
  class space    used 20751K, committed 22144K, reserved 1048576K
}
Event: 29.753 GC heap after
{Heap after GC invocations=31 (full 0):
 garbage-first heap   total 303104K, used 165553K [0x0000000080000000, 0x0000000100000000)
  region size 1024K, 5 young (5120K), 5 survivors (5120K)
 Metaspace       used 147254K, committed 150016K, reserved 1179648K
  class space    used 20751K, committed 22144K, reserved 1048576K
}
Event: 30.333 GC heap before
{Heap before GC invocations=31 (full 0):
 garbage-first heap   total 303104K, used 275121K [0x0000000080000000, 0x0000000100000000)
  region size 1024K, 113 young (115712K), 5 survivors (5120K)
 Metaspace       used 148966K, committed 151744K, reserved 1179648K
  class space    used 21099K, committed 22528K, reserved 1048576K
}
Event: 30.337 GC heap after
{Heap after GC invocations=32 (full 0):
 garbage-first heap   total 303104K, used 166408K [0x0000000080000000, 0x0000000100000000)
  region size 1024K, 7 young (7168K), 7 survivors (7168K)
 Metaspace       used 148966K, committed 151744K, reserved 1179648K
  class space    used 21099K, committed 22528K, reserved 1048576K
}
Event: 30.819 GC heap before
{Heap before GC invocations=32 (full 0):
 garbage-first heap   total 303104K, used 236040K [0x0000000080000000, 0x0000000100000000)
  region size 1024K, 77 young (78848K), 7 survivors (7168K)
 Metaspace       used 150023K, committed 152832K, reserved 1179648K
  class space    used 21304K, committed 22720K, reserved 1048576K
}
Event: 30.826 GC heap after
{Heap after GC invocations=33 (full 0):
 garbage-first heap   total 303104K, used 172613K [0x0000000080000000, 0x0000000100000000)
  region size 1024K, 13 young (13312K), 13 survivors (13312K)
 Metaspace       used 150023K, committed 152832K, reserved 1179648K
  class space    used 21304K, committed 22720K, reserved 1048576K
}
Event: 31.668 GC heap before
{Heap before GC invocations=34 (full 0):
 garbage-first heap   total 303104K, used 270917K [0x0000000080000000, 0x0000000100000000)
  region size 1024K, 111 young (113664K), 13 survivors (13312K)
 Metaspace       used 151273K, committed 153984K, reserved 1245184K
  class space    used 21413K, committed 22784K, reserved 1048576K
}
Event: 31.672 GC heap after
{Heap after GC invocations=35 (full 0):
 garbage-first heap   total 303104K, used 164537K [0x0000000080000000, 0x0000000100000000)
  region size 1024K, 3 young (3072K), 3 survivors (3072K)
 Metaspace       used 151273K, committed 153984K, reserved 1245184K
  class space    used 21413K, committed 22784K, reserved 1048576K
}

